<?xml version="1.0" encoding="UTF-8"?>
<testng-results skipped="0" failed="0" total="1" passed="1">
  <reporter-output>
  </reporter-output>
  <suite name="Suite" duration-ms="14857" started-at="2016-04-01T03:49:26Z" finished-at="2016-04-01T03:49:41Z">
    <groups>
    </groups>
    <test name="Test" duration-ms="14857" started-at="2016-04-01T03:49:26Z" finished-at="2016-04-01T03:49:41Z">
      <class name="example.NewTest">
        <test-method status="PASS" signature="beforeTest()[pri:0, instance:example.NewTest@5e7f2a19]" name="beforeTest" is-config="true" duration-ms="13084" started-at="2016-03-31T23:49:26Z" finished-at="2016-03-31T23:49:39Z">
          <reporter-output>
          </reporter-output>
        </test-method> <!-- beforeTest -->
        <test-method status="PASS" signature="f()[pri:0, instance:example.NewTest@5e7f2a19]" name="f" duration-ms="367" started-at="2016-03-31T23:49:39Z" finished-at="2016-03-31T23:49:39Z">
          <reporter-output>
          </reporter-output>
        </test-method> <!-- f -->
        <test-method status="PASS" signature="afterTest()[pri:0, instance:example.NewTest@5e7f2a19]" name="afterTest" is-config="true" duration-ms="1379" started-at="2016-03-31T23:49:39Z" finished-at="2016-03-31T23:49:41Z">
          <reporter-output>
          </reporter-output>
        </test-method> <!-- afterTest -->
      </class> <!-- example.NewTest -->
    </test> <!-- Test -->
  </suite> <!-- Suite -->
</testng-results>
