<?xml version="1.0" encoding="UTF-8"?>
<testng-results skipped="0" failed="0" total="1" passed="1">
  <reporter-output>
  </reporter-output>
  <suite name="Suite" duration-ms="10632" started-at="2016-03-31T18:46:30Z" finished-at="2016-03-31T18:46:41Z">
    <groups>
    </groups>
    <test name="Test" duration-ms="10632" started-at="2016-03-31T18:46:30Z" finished-at="2016-03-31T18:46:41Z">
      <class name="example.NewTest">
        <test-method status="PASS" signature="beforeTest()[pri:0, instance:example.NewTest@5113faf7]" name="beforeTest" is-config="true" duration-ms="9665" started-at="2016-03-31T14:46:30Z" finished-at="2016-03-31T14:46:40Z">
          <reporter-output>
          </reporter-output>
        </test-method> <!-- beforeTest -->
        <test-method status="PASS" signature="f()[pri:0, instance:example.NewTest@5113faf7]" name="f" duration-ms="442" started-at="2016-03-31T14:46:40Z" finished-at="2016-03-31T14:46:40Z">
          <reporter-output>
          </reporter-output>
        </test-method> <!-- f -->
        <test-method status="PASS" signature="afterTest()[pri:0, instance:example.NewTest@5113faf7]" name="afterTest" is-config="true" duration-ms="514" started-at="2016-03-31T14:46:40Z" finished-at="2016-03-31T14:46:41Z">
          <reporter-output>
          </reporter-output>
        </test-method> <!-- afterTest -->
      </class> <!-- example.NewTest -->
    </test> <!-- Test -->
  </suite> <!-- Suite -->
</testng-results>
